INFO    : PreTeXt project found in `E:\LAFD\git-project\LAFD\book\test-book`.
INFO    : Since no target was supplied, we will use "web".

INFO    : Staging latest build located in `E:\LAFD\git-project\LAFD\book\test-book\output\web` at `E:\LAFD\git-project\LAFD\book\test-book\output\stage`.
INFO    : 
INFO    : Deployment is now staged at `E:\LAFD\git-project\LAFD\book\test-book\output\stage`.
INFO    : Preparing to deploy from active `main` git branch.
INFO    : 
INFO    : Changes to project source since last commit detected.
INFO    : Add/committing these changes to local Git repository.
INFO    : 
INFO    : Committing your latest build to the `gh-pages` branch.
INFO    : 
INFO    : Attempting to connect to remote repository at `https://github.com/VinhPhmCng/LAFD`...
INFO    : 
INFO    : 
INFO    : Latest build successfully pushed to GitHub!
INFO    : 
INFO    : To enable GitHub Pages, visit
INFO    :     https://github.com/VinhPhmCng/LAFD/settings/pages
INFO    : selecting the `gh-pages` branch with the `/ (root)` folder.
INFO    : 
INFO    : Visit
INFO    :     https://github.com/VinhPhmCng/LAFD/actions/
INFO    : to check on the status of your GitHub Pages deployment.
INFO    : 
INFO    : Your built project will soon be available to the public at:
INFO    :     https://VinhPhmCng.github.io/LAFD/
